ARM GAS  /tmp/cci5iqys.s 			page 1


   1              		.cpu cortex-m4
   2              		.arch armv7e-m
   3              		.fpu fpv4-sp-d16
   4              		.eabi_attribute 27, 1
   5              		.eabi_attribute 28, 1
   6              		.eabi_attribute 20, 1
   7              		.eabi_attribute 21, 1
   8              		.eabi_attribute 23, 3
   9              		.eabi_attribute 24, 1
  10              		.eabi_attribute 25, 1
  11              		.eabi_attribute 26, 1
  12              		.eabi_attribute 30, 1
  13              		.eabi_attribute 34, 1
  14              		.eabi_attribute 18, 4
  15              		.file	"stm32l4xx_hal_flash_ramfunc.c"
  16              		.text
  17              	.Ltext0:
  18              		.cfi_sections	.debug_frame
  19              		.section	.RamFunc,"ax",%progbits
  20              		.align	1
  21              		.global	HAL_FLASHEx_EnableRunPowerDown
  22              		.syntax unified
  23              		.thumb
  24              		.thumb_func
  26              	HAL_FLASHEx_EnableRunPowerDown:
  27              	.LFB132:
  28              		.file 1 "../Resources/Drivers/STM32L4xx_HAL_Driver/Src/stm32l4xx_hal_flash_ramfunc.c"
   1:../Resources/Drivers/STM32L4xx_HAL_Driver/Src/stm32l4xx_hal_flash_ramfunc.c **** /**
   2:../Resources/Drivers/STM32L4xx_HAL_Driver/Src/stm32l4xx_hal_flash_ramfunc.c ****   ******************************************************************************
   3:../Resources/Drivers/STM32L4xx_HAL_Driver/Src/stm32l4xx_hal_flash_ramfunc.c ****   * @file    stm32l4xx_hal_flash_ramfunc.c
   4:../Resources/Drivers/STM32L4xx_HAL_Driver/Src/stm32l4xx_hal_flash_ramfunc.c ****   * @author  MCD Application Team
   5:../Resources/Drivers/STM32L4xx_HAL_Driver/Src/stm32l4xx_hal_flash_ramfunc.c ****   * @brief   FLASH RAMFUNC driver.
   6:../Resources/Drivers/STM32L4xx_HAL_Driver/Src/stm32l4xx_hal_flash_ramfunc.c ****   *          This file provides a Flash firmware functions which should be
   7:../Resources/Drivers/STM32L4xx_HAL_Driver/Src/stm32l4xx_hal_flash_ramfunc.c ****   *          executed from internal SRAM
   8:../Resources/Drivers/STM32L4xx_HAL_Driver/Src/stm32l4xx_hal_flash_ramfunc.c ****   *            + FLASH HalfPage Programming
   9:../Resources/Drivers/STM32L4xx_HAL_Driver/Src/stm32l4xx_hal_flash_ramfunc.c ****   *            + FLASH Power Down in Run mode
  10:../Resources/Drivers/STM32L4xx_HAL_Driver/Src/stm32l4xx_hal_flash_ramfunc.c ****   *
  11:../Resources/Drivers/STM32L4xx_HAL_Driver/Src/stm32l4xx_hal_flash_ramfunc.c ****   *  @verbatim
  12:../Resources/Drivers/STM32L4xx_HAL_Driver/Src/stm32l4xx_hal_flash_ramfunc.c ****   ==============================================================================
  13:../Resources/Drivers/STM32L4xx_HAL_Driver/Src/stm32l4xx_hal_flash_ramfunc.c ****                    ##### Flash RAM functions #####
  14:../Resources/Drivers/STM32L4xx_HAL_Driver/Src/stm32l4xx_hal_flash_ramfunc.c ****   ==============================================================================
  15:../Resources/Drivers/STM32L4xx_HAL_Driver/Src/stm32l4xx_hal_flash_ramfunc.c **** 
  16:../Resources/Drivers/STM32L4xx_HAL_Driver/Src/stm32l4xx_hal_flash_ramfunc.c ****     *** ARM Compiler ***
  17:../Resources/Drivers/STM32L4xx_HAL_Driver/Src/stm32l4xx_hal_flash_ramfunc.c ****     --------------------
  18:../Resources/Drivers/STM32L4xx_HAL_Driver/Src/stm32l4xx_hal_flash_ramfunc.c ****     [..] RAM functions are defined using the toolchain options.
  19:../Resources/Drivers/STM32L4xx_HAL_Driver/Src/stm32l4xx_hal_flash_ramfunc.c ****          Functions that are executed in RAM should reside in a separate
  20:../Resources/Drivers/STM32L4xx_HAL_Driver/Src/stm32l4xx_hal_flash_ramfunc.c ****          source module. Using the 'Options for File' dialog you can simply change
  21:../Resources/Drivers/STM32L4xx_HAL_Driver/Src/stm32l4xx_hal_flash_ramfunc.c ****          the 'Code / Const' area of a module to a memory space in physical RAM.
  22:../Resources/Drivers/STM32L4xx_HAL_Driver/Src/stm32l4xx_hal_flash_ramfunc.c ****          Available memory areas are declared in the 'Target' tab of the
  23:../Resources/Drivers/STM32L4xx_HAL_Driver/Src/stm32l4xx_hal_flash_ramfunc.c ****          Options for Target' dialog.
  24:../Resources/Drivers/STM32L4xx_HAL_Driver/Src/stm32l4xx_hal_flash_ramfunc.c **** 
  25:../Resources/Drivers/STM32L4xx_HAL_Driver/Src/stm32l4xx_hal_flash_ramfunc.c ****     *** ICCARM Compiler ***
  26:../Resources/Drivers/STM32L4xx_HAL_Driver/Src/stm32l4xx_hal_flash_ramfunc.c ****     -----------------------
  27:../Resources/Drivers/STM32L4xx_HAL_Driver/Src/stm32l4xx_hal_flash_ramfunc.c ****     [..] RAM functions are defined using a specific toolchain keyword "__ramfunc".
  28:../Resources/Drivers/STM32L4xx_HAL_Driver/Src/stm32l4xx_hal_flash_ramfunc.c **** 
  29:../Resources/Drivers/STM32L4xx_HAL_Driver/Src/stm32l4xx_hal_flash_ramfunc.c ****     *** GNU Compiler ***
  30:../Resources/Drivers/STM32L4xx_HAL_Driver/Src/stm32l4xx_hal_flash_ramfunc.c ****     --------------------
ARM GAS  /tmp/cci5iqys.s 			page 2


  31:../Resources/Drivers/STM32L4xx_HAL_Driver/Src/stm32l4xx_hal_flash_ramfunc.c ****     [..] RAM functions are defined using a specific toolchain attribute
  32:../Resources/Drivers/STM32L4xx_HAL_Driver/Src/stm32l4xx_hal_flash_ramfunc.c ****          "__attribute__((section(".RamFunc")))".
  33:../Resources/Drivers/STM32L4xx_HAL_Driver/Src/stm32l4xx_hal_flash_ramfunc.c **** 
  34:../Resources/Drivers/STM32L4xx_HAL_Driver/Src/stm32l4xx_hal_flash_ramfunc.c ****   @endverbatim
  35:../Resources/Drivers/STM32L4xx_HAL_Driver/Src/stm32l4xx_hal_flash_ramfunc.c ****   ******************************************************************************
  36:../Resources/Drivers/STM32L4xx_HAL_Driver/Src/stm32l4xx_hal_flash_ramfunc.c ****   * @attention
  37:../Resources/Drivers/STM32L4xx_HAL_Driver/Src/stm32l4xx_hal_flash_ramfunc.c ****   *
  38:../Resources/Drivers/STM32L4xx_HAL_Driver/Src/stm32l4xx_hal_flash_ramfunc.c ****   * Copyright (c) 2017 STMicroelectronics.
  39:../Resources/Drivers/STM32L4xx_HAL_Driver/Src/stm32l4xx_hal_flash_ramfunc.c ****   * All rights reserved.
  40:../Resources/Drivers/STM32L4xx_HAL_Driver/Src/stm32l4xx_hal_flash_ramfunc.c ****   *
  41:../Resources/Drivers/STM32L4xx_HAL_Driver/Src/stm32l4xx_hal_flash_ramfunc.c ****   * This software is licensed under terms that can be found in the LICENSE file in
  42:../Resources/Drivers/STM32L4xx_HAL_Driver/Src/stm32l4xx_hal_flash_ramfunc.c ****   * the root directory of this software component.
  43:../Resources/Drivers/STM32L4xx_HAL_Driver/Src/stm32l4xx_hal_flash_ramfunc.c ****   * If no LICENSE file comes with this software, it is provided AS-IS.
  44:../Resources/Drivers/STM32L4xx_HAL_Driver/Src/stm32l4xx_hal_flash_ramfunc.c ****   ******************************************************************************
  45:../Resources/Drivers/STM32L4xx_HAL_Driver/Src/stm32l4xx_hal_flash_ramfunc.c ****   */
  46:../Resources/Drivers/STM32L4xx_HAL_Driver/Src/stm32l4xx_hal_flash_ramfunc.c **** 
  47:../Resources/Drivers/STM32L4xx_HAL_Driver/Src/stm32l4xx_hal_flash_ramfunc.c **** /* Includes ------------------------------------------------------------------*/
  48:../Resources/Drivers/STM32L4xx_HAL_Driver/Src/stm32l4xx_hal_flash_ramfunc.c **** #include "stm32l4xx_hal.h"
  49:../Resources/Drivers/STM32L4xx_HAL_Driver/Src/stm32l4xx_hal_flash_ramfunc.c **** 
  50:../Resources/Drivers/STM32L4xx_HAL_Driver/Src/stm32l4xx_hal_flash_ramfunc.c **** /** @addtogroup STM32L4xx_HAL_Driver
  51:../Resources/Drivers/STM32L4xx_HAL_Driver/Src/stm32l4xx_hal_flash_ramfunc.c ****   * @{
  52:../Resources/Drivers/STM32L4xx_HAL_Driver/Src/stm32l4xx_hal_flash_ramfunc.c ****   */
  53:../Resources/Drivers/STM32L4xx_HAL_Driver/Src/stm32l4xx_hal_flash_ramfunc.c **** 
  54:../Resources/Drivers/STM32L4xx_HAL_Driver/Src/stm32l4xx_hal_flash_ramfunc.c **** /** @defgroup FLASH_RAMFUNC FLASH_RAMFUNC
  55:../Resources/Drivers/STM32L4xx_HAL_Driver/Src/stm32l4xx_hal_flash_ramfunc.c ****   * @brief FLASH functions executed from RAM
  56:../Resources/Drivers/STM32L4xx_HAL_Driver/Src/stm32l4xx_hal_flash_ramfunc.c ****   * @{
  57:../Resources/Drivers/STM32L4xx_HAL_Driver/Src/stm32l4xx_hal_flash_ramfunc.c ****   */
  58:../Resources/Drivers/STM32L4xx_HAL_Driver/Src/stm32l4xx_hal_flash_ramfunc.c **** 
  59:../Resources/Drivers/STM32L4xx_HAL_Driver/Src/stm32l4xx_hal_flash_ramfunc.c **** #ifdef HAL_FLASH_MODULE_ENABLED
  60:../Resources/Drivers/STM32L4xx_HAL_Driver/Src/stm32l4xx_hal_flash_ramfunc.c **** 
  61:../Resources/Drivers/STM32L4xx_HAL_Driver/Src/stm32l4xx_hal_flash_ramfunc.c **** /* Private typedef -----------------------------------------------------------*/
  62:../Resources/Drivers/STM32L4xx_HAL_Driver/Src/stm32l4xx_hal_flash_ramfunc.c **** /* Private define ------------------------------------------------------------*/
  63:../Resources/Drivers/STM32L4xx_HAL_Driver/Src/stm32l4xx_hal_flash_ramfunc.c **** /* Private macro -------------------------------------------------------------*/
  64:../Resources/Drivers/STM32L4xx_HAL_Driver/Src/stm32l4xx_hal_flash_ramfunc.c **** /* Private variables ---------------------------------------------------------*/
  65:../Resources/Drivers/STM32L4xx_HAL_Driver/Src/stm32l4xx_hal_flash_ramfunc.c **** /* Private function prototypes -----------------------------------------------*/
  66:../Resources/Drivers/STM32L4xx_HAL_Driver/Src/stm32l4xx_hal_flash_ramfunc.c **** /* Exported functions -------------------------------------------------------*/
  67:../Resources/Drivers/STM32L4xx_HAL_Driver/Src/stm32l4xx_hal_flash_ramfunc.c **** 
  68:../Resources/Drivers/STM32L4xx_HAL_Driver/Src/stm32l4xx_hal_flash_ramfunc.c **** /** @defgroup FLASH_RAMFUNC_Exported_Functions FLASH in RAM function Exported Functions
  69:../Resources/Drivers/STM32L4xx_HAL_Driver/Src/stm32l4xx_hal_flash_ramfunc.c ****   * @{
  70:../Resources/Drivers/STM32L4xx_HAL_Driver/Src/stm32l4xx_hal_flash_ramfunc.c ****   */
  71:../Resources/Drivers/STM32L4xx_HAL_Driver/Src/stm32l4xx_hal_flash_ramfunc.c **** 
  72:../Resources/Drivers/STM32L4xx_HAL_Driver/Src/stm32l4xx_hal_flash_ramfunc.c **** /** @defgroup FLASH_RAMFUNC_Exported_Functions_Group1 Peripheral features functions
  73:../Resources/Drivers/STM32L4xx_HAL_Driver/Src/stm32l4xx_hal_flash_ramfunc.c ****  *  @brief   Data transfers functions
  74:../Resources/Drivers/STM32L4xx_HAL_Driver/Src/stm32l4xx_hal_flash_ramfunc.c ****  *
  75:../Resources/Drivers/STM32L4xx_HAL_Driver/Src/stm32l4xx_hal_flash_ramfunc.c **** @verbatim
  76:../Resources/Drivers/STM32L4xx_HAL_Driver/Src/stm32l4xx_hal_flash_ramfunc.c ****  ===============================================================================
  77:../Resources/Drivers/STM32L4xx_HAL_Driver/Src/stm32l4xx_hal_flash_ramfunc.c ****                       ##### ramfunc functions #####
  78:../Resources/Drivers/STM32L4xx_HAL_Driver/Src/stm32l4xx_hal_flash_ramfunc.c ****  ===============================================================================
  79:../Resources/Drivers/STM32L4xx_HAL_Driver/Src/stm32l4xx_hal_flash_ramfunc.c ****     [..]
  80:../Resources/Drivers/STM32L4xx_HAL_Driver/Src/stm32l4xx_hal_flash_ramfunc.c ****     This subsection provides a set of functions that should be executed from RAM.
  81:../Resources/Drivers/STM32L4xx_HAL_Driver/Src/stm32l4xx_hal_flash_ramfunc.c **** 
  82:../Resources/Drivers/STM32L4xx_HAL_Driver/Src/stm32l4xx_hal_flash_ramfunc.c **** @endverbatim
  83:../Resources/Drivers/STM32L4xx_HAL_Driver/Src/stm32l4xx_hal_flash_ramfunc.c ****   * @{
  84:../Resources/Drivers/STM32L4xx_HAL_Driver/Src/stm32l4xx_hal_flash_ramfunc.c ****   */
  85:../Resources/Drivers/STM32L4xx_HAL_Driver/Src/stm32l4xx_hal_flash_ramfunc.c **** 
  86:../Resources/Drivers/STM32L4xx_HAL_Driver/Src/stm32l4xx_hal_flash_ramfunc.c **** /**
  87:../Resources/Drivers/STM32L4xx_HAL_Driver/Src/stm32l4xx_hal_flash_ramfunc.c ****   * @brief   Enable the Power down in Run Mode
ARM GAS  /tmp/cci5iqys.s 			page 3


  88:../Resources/Drivers/STM32L4xx_HAL_Driver/Src/stm32l4xx_hal_flash_ramfunc.c ****   * @note    This function should be called and executed from SRAM memory
  89:../Resources/Drivers/STM32L4xx_HAL_Driver/Src/stm32l4xx_hal_flash_ramfunc.c ****   * @retval  HAL status
  90:../Resources/Drivers/STM32L4xx_HAL_Driver/Src/stm32l4xx_hal_flash_ramfunc.c ****   */
  91:../Resources/Drivers/STM32L4xx_HAL_Driver/Src/stm32l4xx_hal_flash_ramfunc.c **** __RAM_FUNC HAL_StatusTypeDef HAL_FLASHEx_EnableRunPowerDown(void)
  92:../Resources/Drivers/STM32L4xx_HAL_Driver/Src/stm32l4xx_hal_flash_ramfunc.c **** {
  29              		.loc 1 92 1 view -0
  30              		.cfi_startproc
  31              		@ args = 0, pretend = 0, frame = 0
  32              		@ frame_needed = 0, uses_anonymous_args = 0
  33              		@ link register save eliminated.
  93:../Resources/Drivers/STM32L4xx_HAL_Driver/Src/stm32l4xx_hal_flash_ramfunc.c ****   /* Enable the Power Down in Run mode*/
  94:../Resources/Drivers/STM32L4xx_HAL_Driver/Src/stm32l4xx_hal_flash_ramfunc.c ****   __HAL_FLASH_POWER_DOWN_ENABLE();
  34              		.loc 1 94 3 view .LVU1
  35              		.loc 1 94 3 view .LVU2
  36 0000 054B     		ldr	r3, .L2
  37 0002 064A     		ldr	r2, .L2+4
  38 0004 5A60     		str	r2, [r3, #4]
  39              		.loc 1 94 3 view .LVU3
  40 0006 064A     		ldr	r2, .L2+8
  41 0008 5A60     		str	r2, [r3, #4]
  42              		.loc 1 94 3 view .LVU4
  43 000a 1A68     		ldr	r2, [r3]
  44 000c 42F40052 		orr	r2, r2, #8192
  45 0010 1A60     		str	r2, [r3]
  46              		.loc 1 94 3 view .LVU5
  95:../Resources/Drivers/STM32L4xx_HAL_Driver/Src/stm32l4xx_hal_flash_ramfunc.c **** 
  96:../Resources/Drivers/STM32L4xx_HAL_Driver/Src/stm32l4xx_hal_flash_ramfunc.c ****   return HAL_OK;
  47              		.loc 1 96 3 view .LVU6
  97:../Resources/Drivers/STM32L4xx_HAL_Driver/Src/stm32l4xx_hal_flash_ramfunc.c **** 
  98:../Resources/Drivers/STM32L4xx_HAL_Driver/Src/stm32l4xx_hal_flash_ramfunc.c **** }
  48              		.loc 1 98 1 is_stmt 0 view .LVU7
  49 0012 0020     		movs	r0, #0
  50 0014 7047     		bx	lr
  51              	.L3:
  52 0016 00BF     		.align	2
  53              	.L2:
  54 0018 00200240 		.word	1073881088
  55 001c 37261504 		.word	68494903
  56 0020 FDFCFBFA 		.word	-84148995
  57              		.cfi_endproc
  58              	.LFE132:
  60              		.align	1
  61              		.global	HAL_FLASHEx_DisableRunPowerDown
  62              		.syntax unified
  63              		.thumb
  64              		.thumb_func
  66              	HAL_FLASHEx_DisableRunPowerDown:
  67              	.LFB133:
  99:../Resources/Drivers/STM32L4xx_HAL_Driver/Src/stm32l4xx_hal_flash_ramfunc.c **** 
 100:../Resources/Drivers/STM32L4xx_HAL_Driver/Src/stm32l4xx_hal_flash_ramfunc.c **** /**
 101:../Resources/Drivers/STM32L4xx_HAL_Driver/Src/stm32l4xx_hal_flash_ramfunc.c ****   * @brief   Disable the Power down in Run Mode
 102:../Resources/Drivers/STM32L4xx_HAL_Driver/Src/stm32l4xx_hal_flash_ramfunc.c ****   * @note    This function should be called and executed from SRAM memory
 103:../Resources/Drivers/STM32L4xx_HAL_Driver/Src/stm32l4xx_hal_flash_ramfunc.c ****   * @retval  HAL status
 104:../Resources/Drivers/STM32L4xx_HAL_Driver/Src/stm32l4xx_hal_flash_ramfunc.c ****   */
 105:../Resources/Drivers/STM32L4xx_HAL_Driver/Src/stm32l4xx_hal_flash_ramfunc.c **** __RAM_FUNC HAL_StatusTypeDef HAL_FLASHEx_DisableRunPowerDown(void)
 106:../Resources/Drivers/STM32L4xx_HAL_Driver/Src/stm32l4xx_hal_flash_ramfunc.c **** {
  68              		.loc 1 106 1 is_stmt 1 view -0
ARM GAS  /tmp/cci5iqys.s 			page 4


  69              		.cfi_startproc
  70              		@ args = 0, pretend = 0, frame = 0
  71              		@ frame_needed = 0, uses_anonymous_args = 0
  72              		@ link register save eliminated.
 107:../Resources/Drivers/STM32L4xx_HAL_Driver/Src/stm32l4xx_hal_flash_ramfunc.c ****   /* Disable the Power Down in Run mode*/
 108:../Resources/Drivers/STM32L4xx_HAL_Driver/Src/stm32l4xx_hal_flash_ramfunc.c ****   __HAL_FLASH_POWER_DOWN_DISABLE();
  73              		.loc 1 108 3 view .LVU9
  74              		.loc 1 108 3 view .LVU10
  75 0024 054B     		ldr	r3, .L5
  76 0026 064A     		ldr	r2, .L5+4
  77 0028 5A60     		str	r2, [r3, #4]
  78              		.loc 1 108 3 view .LVU11
  79 002a 064A     		ldr	r2, .L5+8
  80 002c 5A60     		str	r2, [r3, #4]
  81              		.loc 1 108 3 view .LVU12
  82 002e 1A68     		ldr	r2, [r3]
  83 0030 22F40052 		bic	r2, r2, #8192
  84 0034 1A60     		str	r2, [r3]
  85              		.loc 1 108 3 view .LVU13
 109:../Resources/Drivers/STM32L4xx_HAL_Driver/Src/stm32l4xx_hal_flash_ramfunc.c **** 
 110:../Resources/Drivers/STM32L4xx_HAL_Driver/Src/stm32l4xx_hal_flash_ramfunc.c ****   return HAL_OK;
  86              		.loc 1 110 3 view .LVU14
 111:../Resources/Drivers/STM32L4xx_HAL_Driver/Src/stm32l4xx_hal_flash_ramfunc.c **** }
  87              		.loc 1 111 1 is_stmt 0 view .LVU15
  88 0036 0020     		movs	r0, #0
  89 0038 7047     		bx	lr
  90              	.L6:
  91 003a 00BF     		.align	2
  92              	.L5:
  93 003c 00200240 		.word	1073881088
  94 0040 37261504 		.word	68494903
  95 0044 FDFCFBFA 		.word	-84148995
  96              		.cfi_endproc
  97              	.LFE133:
  99              		.text
 100              	.Letext0:
 101              		.file 2 "/root/Linux-Dev/Car-IV-Firmware/Tools/gcc-arm-none-eabi-10.3-2021.10/arm-none-eabi/includ
 102              		.file 3 "/root/Linux-Dev/Car-IV-Firmware/Tools/gcc-arm-none-eabi-10.3-2021.10/arm-none-eabi/includ
 103              		.file 4 "../Resources/Drivers/CMSIS/Device/ST/STM32L4xx/Include/stm32l476xx.h"
 104              		.file 5 "../Resources/Drivers/STM32L4xx_HAL_Driver/Inc/stm32l4xx_hal_def.h"
ARM GAS  /tmp/cci5iqys.s 			page 5


DEFINED SYMBOLS
                            *ABS*:0000000000000000 stm32l4xx_hal_flash_ramfunc.c
     /tmp/cci5iqys.s:20     .RamFunc:0000000000000000 $t
     /tmp/cci5iqys.s:26     .RamFunc:0000000000000000 HAL_FLASHEx_EnableRunPowerDown
     /tmp/cci5iqys.s:54     .RamFunc:0000000000000018 $d
     /tmp/cci5iqys.s:60     .RamFunc:0000000000000024 $t
     /tmp/cci5iqys.s:66     .RamFunc:0000000000000024 HAL_FLASHEx_DisableRunPowerDown
     /tmp/cci5iqys.s:93     .RamFunc:000000000000003c $d

NO UNDEFINED SYMBOLS
