ARM GAS  /tmp/ccOTYE7h.s 			page 1


   1              		.cpu cortex-m4
   2              		.arch armv7e-m
   3              		.fpu fpv4-sp-d16
   4              		.eabi_attribute 27, 1
   5              		.eabi_attribute 28, 1
   6              		.eabi_attribute 20, 1
   7              		.eabi_attribute 21, 1
   8              		.eabi_attribute 23, 3
   9              		.eabi_attribute 24, 1
  10              		.eabi_attribute 25, 1
  11              		.eabi_attribute 26, 1
  12              		.eabi_attribute 30, 1
  13              		.eabi_attribute 34, 1
  14              		.eabi_attribute 18, 4
  15              		.file	"user.cpp"
  16              		.text
  17              	.Ltext0:
  18              		.cfi_sections	.debug_frame
  19              		.section	.text.CPP_UserSetup,"ax",%progbits
  20              		.align	1
  21              		.global	CPP_UserSetup
  22              		.syntax unified
  23              		.thumb
  24              		.thumb_func
  26              	CPP_UserSetup:
  27              		.fnstart
  28              	.LFB132:
  29              		.file 1 "User/Src/user.cpp"
   1:User/Src/user.cpp **** #include "user.hpp"
   2:User/Src/user.cpp **** #include <stddef.h>
   3:User/Src/user.cpp **** 
   4:User/Src/user.cpp **** 
   5:User/Src/user.cpp **** extern "C" void CPP_UserSetup(void);
   6:User/Src/user.cpp **** 
   7:User/Src/user.cpp **** void CPP_UserSetup(void) {
  30              		.loc 1 7 26 view -0
  31              		.cfi_startproc
  32              		@ args = 0, pretend = 0, frame = 0
  33              		@ frame_needed = 0, uses_anonymous_args = 0
  34 0000 08B5     		push	{r3, lr}
  35              		.save {r3, lr}
  36              	.LCFI0:
  37              		.cfi_def_cfa_offset 8
  38              		.cfi_offset 3, -8
  39              		.cfi_offset 14, -4
  40              	.L2:
   8:User/Src/user.cpp ****     while (1) {
  41              		.loc 1 8 5 discriminator 1 view .LVU1
   9:User/Src/user.cpp ****         HAL_GPIO_TogglePin(LD2_GPIO_Port, LD2_Pin);
  42              		.loc 1 9 9 discriminator 1 view .LVU2
  43              		.loc 1 9 27 is_stmt 0 discriminator 1 view .LVU3
  44 0002 2021     		movs	r1, #32
  45 0004 4FF09040 		mov	r0, #1207959552
  46 0008 FFF7FEFF 		bl	HAL_GPIO_TogglePin
  47              	.LVL0:
  10:User/Src/user.cpp ****         HAL_Delay(1000);
  48              		.loc 1 10 9 is_stmt 1 discriminator 1 view .LVU4
ARM GAS  /tmp/ccOTYE7h.s 			page 2


  49              		.loc 1 10 18 is_stmt 0 discriminator 1 view .LVU5
  50 000c 4FF47A70 		mov	r0, #1000
  51 0010 FFF7FEFF 		bl	HAL_Delay
  52              	.LVL1:
   8:User/Src/user.cpp ****     while (1) {
  53              		.loc 1 8 5 is_stmt 1 discriminator 1 view .LVU6
  54 0014 F5E7     		b	.L2
  55              		.cfi_endproc
  56              	.LFE132:
  57              		.fnend
  59              		.text
  60              	.Letext0:
  61              		.file 2 "/root/Linux-Dev/Car-IV-Firmware/Tools/gcc-arm-none-eabi-10.3-2021.10/arm-none-eabi/includ
  62              		.file 3 "/root/Linux-Dev/Car-IV-Firmware/Tools/gcc-arm-none-eabi-10.3-2021.10/arm-none-eabi/includ
  63              		.file 4 "../Resources/Drivers/CMSIS/Device/ST/STM32L4xx/Include/stm32l476xx.h"
  64              		.file 5 "../Resources/Drivers/STM32L4xx_HAL_Driver/Inc/stm32l4xx_hal_gpio.h"
  65              		.file 6 "../Resources/Drivers/STM32L4xx_HAL_Driver/Inc/stm32l4xx_hal.h"
ARM GAS  /tmp/ccOTYE7h.s 			page 3


DEFINED SYMBOLS
                            *ABS*:0000000000000000 user.cpp
     /tmp/ccOTYE7h.s:20     .text.CPP_UserSetup:0000000000000000 $t
     /tmp/ccOTYE7h.s:26     .text.CPP_UserSetup:0000000000000000 CPP_UserSetup
    .ARM.extab.text.CPP_UserSetup:0000000000000000 $d
    .ARM.exidx.text.CPP_UserSetup:0000000000000000 $d

UNDEFINED SYMBOLS
HAL_GPIO_TogglePin
HAL_Delay
__aeabi_unwind_cpp_pr1
